<?xml version="1.0" encoding="UTF-8"?>
<testng-results skipped="0" failed="0" total="3" passed="3">
  <reporter-output>
  </reporter-output>
  <suite name="Default suite" duration-ms="10487" started-at="2020-07-11T14:27:11Z" finished-at="2020-07-11T14:27:21Z">
    <groups>
    </groups>
    <test name="Default test" duration-ms="10487" started-at="2020-07-11T14:27:11Z" finished-at="2020-07-11T14:27:21Z">
      <class name="AutomationFC.com.Topic_01_Check_Environment">
        <test-method status="PASS" signature="beforeClass()[pri:0, instance:AutomationFC.com.Topic_01_Check_Environment@6a024a67]" name="beforeClass" is-config="true" duration-ms="9965" started-at="2020-07-11T21:27:11Z" finished-at="2020-07-11T21:27:21Z">
          <reporter-output>
          </reporter-output>
        </test-method> <!-- beforeClass -->
        <test-method status="PASS" signature="TC_01_ValidateCurrentUrl()[pri:0, instance:AutomationFC.com.Topic_01_Check_Environment@6a024a67]" name="TC_01_ValidateCurrentUrl" duration-ms="17" started-at="2020-07-11T21:27:21Z" finished-at="2020-07-11T21:27:21Z">
          <reporter-output>
          </reporter-output>
        </test-method> <!-- TC_01_ValidateCurrentUrl -->
        <test-method status="PASS" signature="TC_02_ValidatePageTitle()[pri:0, instance:AutomationFC.com.Topic_01_Check_Environment@6a024a67]" name="TC_02_ValidatePageTitle" duration-ms="9" started-at="2020-07-11T21:27:21Z" finished-at="2020-07-11T21:27:21Z">
          <reporter-output>
          </reporter-output>
        </test-method> <!-- TC_02_ValidatePageTitle -->
        <test-method status="PASS" signature="TC_03_LoginFormDisplayed()[pri:0, instance:AutomationFC.com.Topic_01_Check_Environment@6a024a67]" name="TC_03_LoginFormDisplayed" duration-ms="58" started-at="2020-07-11T21:27:21Z" finished-at="2020-07-11T21:27:21Z">
          <reporter-output>
          </reporter-output>
        </test-method> <!-- TC_03_LoginFormDisplayed -->
        <test-method status="PASS" signature="afterClass()[pri:0, instance:AutomationFC.com.Topic_01_Check_Environment@6a024a67]" name="afterClass" is-config="true" duration-ms="423" started-at="2020-07-11T21:27:21Z" finished-at="2020-07-11T21:27:21Z">
          <reporter-output>
          </reporter-output>
        </test-method> <!-- afterClass -->
      </class> <!-- AutomationFC.com.Topic_01_Check_Environment -->
    </test> <!-- Default test -->
  </suite> <!-- Default suite -->
</testng-results>
